<?xml version="1.0" encoding="UTF-8"?>
<!--
  Licensed to the AOS Community (AOS) under one or more
  contributor license agreements.  See the NOTICE file
  distributed with this work for additional information
  regarding copyright ownership.  The AOS licenses this file
  to you under the Apache License, Version 2.0 (the 
  "License"); you may not use this file except in compliance
  with the License.  You may obtain a copy of the License at

    http://www.apache.org/licenses/LICENSE-2.0

  Unless required by applicable law or agreed to in writing,
  software distributed under the License is distributed on an
  "AS IS" BASIS, WITHOUT WARRANTIES OR CONDITIONS OF ANY
  KIND, either express or implied.  See the License for the
  specific language governing permissions and limitations
  under the License.
-->
<!DOCTYPE beans PUBLIC "-//SPRING//DTD BEAN//EN" "http://www.springframework.org/dtd/spring-beans.dtd">
<beans>
    <!--    Data Source Setup -->
    <bean id="dataSource" class="org.springframework.jdbc.datasource.DriverManagerDataSource">
        <property name="driverClassName">
            <value>org.apache.derby.jdbc.ClientDriver</value>
        </property>
        <property name="url">
            <value>jdbc:derby:memory:myDb;create=true</value>
        </property>
        <property name="username">
            <value>aos</value>
        </property>
        <property name="password">
            <value>aos</value>
        </property>
    </bean>

    <bean id="namingStrategy"
          class="org.springframework.beans.factory.config.FieldRetrievingFactoryBean">
        <property name="staticField">
            <value>org.hibernate.cfg.ImprovedNamingStrategy.INSTANCE</value>
        </property>
    </bean>

    <bean id="extendedFinderNamingStrategy"
        class="genericdao.finder.impl.ExtendedFinderNamingStrategy" />

    <bean id="sessionFactory" class="org.springframework.orm.hibernate3.LocalSessionFactoryBean">
        <property name="namingStrategy">
            <ref bean="namingStrategy"/>
        </property>
        <property name="mappingResources">
            <list>
                <value>genericdaotest/domain/Person.hbm.xml</value>
            </list>
        </property>
        <property name="hibernateProperties">
            <props>
                <prop key="hibernate.dialect">org.hibernate.dialect.DerbyDialect</prop>
                <prop key="hibernate.show_sql">true</prop>
                <prop key="hibernate.hbm2ddl.auto">create</prop>
            </props>
        </property>
        <property name="dataSource">
            <ref bean="dataSource"/>
        </property>
    </bean>

    <!--  Dao Layer generic config-->
    <bean id="finderIntroductionAdvisor" class="genericdao.finder.impl.FinderIntroductionAdvisor"/>
    <bean id="abstractDaoTarget"
          class="genericdao.impl.GenericDaoHibernateImpl" abstract="true">
        <property name="sessionFactory">
            <ref bean="sessionFactory"/>
        </property>
        <property name="namingStrategy">
            <ref bean="extendedFinderNamingStrategy" />
        </property>
    </bean>
    <bean id="abstractDao"
          class="org.springframework.aop.framework.ProxyFactoryBean" abstract="true">
        <property name="interceptorNames">
            <list>
                <value>finderIntroductionAdvisor</value>
            </list>
        </property>
    </bean>

    <!--  Dao Layer instances -->
    <bean id="personDao" parent="abstractDao">
        <property name="proxyInterfaces">
            <value>genericdaotest.dao.PersonDao</value>
        </property>
        <property name="target">
            <bean parent="abstractDaoTarget">
                <constructor-arg>
                    <value>genericdaotest.domain.Person</value>
                </constructor-arg>
            </bean>
        </property>
    </bean>
</beans>
